TN:
SF:/home/pauer/dev/fray/emitter/src/emitter.js
FN:3,(anonymous_1)
FN:8,(anonymous_2)
FN:12,(anonymous_3)
FN:18,(anonymous_4)
FN:21,(anonymous_5)
FN:27,(anonymous_6)
FNF:6
FNH:6
FNDA:6,(anonymous_1)
FNDA:6,(anonymous_2)
FNDA:12,(anonymous_3)
FNDA:6,(anonymous_4)
FNDA:6,(anonymous_5)
FNDA:9,(anonymous_6)
DA:3,1
DA:4,6
DA:5,6
DA:8,1
DA:9,6
DA:12,1
DA:13,12
DA:14,6
DA:18,1
DA:19,6
DA:21,6
DA:22,6
DA:23,6
DA:27,1
DA:28,9
DA:30,9
DA:36,1
LF:17
LH:17
BRDA:4,1,0,6
BRDA:4,1,1,0
BRDA:13,2,0,6
BRDA:13,2,1,6
BRF:4
BRH:3
end_of_record
